
Showing logs for build [32mcb-kubecd-environment-pr-179-8-hsb4z-1[0m stage [32mfrom-build-pack[0m and container [32mstep-credential-initializer-52tm5[0m
{"level":"warn","ts":1583902827.3094134,"logger":"fallback-logger","caller":"logging/config.go:69","msg":"Fetch GitHub commit ID from kodata failed: \"ref: refs/heads/0.8.0-**-support-backwards-incompats\" is not a valid GitHub commit ID"}
{"level":"info","ts":1583902827.3101175,"logger":"fallback-logger","caller":"creds-init/main.go:40","msg":"Credentials initialized."}

Showing logs for build [32mcb-kubecd-environment-pr-179-8-hsb4z-1[0m stage [32mfrom-build-pack[0m and container [32mstep-working-dir-initializer-n4bzf[0m
{"level":"warn","ts":1583902829.4497738,"logger":"fallback-logger","caller":"logging/config.go:69","msg":"Fetch GitHub commit ID from kodata failed: open /var/run/ko/HEAD: no such file or directory"}
{"level":"info","ts":1583902829.489563,"logger":"fallback-logger","caller":"bash/main.go:64","msg":"Successfully executed command \"sh -c mkdir -p /workspace/source\"; output "}

Showing logs for build [32mcb-kubecd-environment-pr-179-8-hsb4z-1[0m stage [32mfrom-build-pack[0m and container [32mstep-place-tools[0m

Showing logs for build [32mcb-kubecd-environment-pr-179-8-hsb4z-1[0m stage [32mfrom-build-pack[0m and container [32mstep-git-source-cb-kubecd-environment-pr-179-8-hsb4z-59d46[0m
{"level":"warn","ts":1583902835.5470774,"logger":"fallback-logger","caller":"logging/config.go:69","msg":"Fetch GitHub commit ID from kodata failed: \"ref: refs/heads/0.8.0-**-support-backwards-incompats\" is not a valid GitHub commit ID"}
{"level":"info","ts":1583902837.1283207,"logger":"fallback-logger","caller":"git/git.go:103","msg":"Successfully cloned https://github.com/cb-kubecd/environment-pr-179-8-gke-upgrade-staging.git @ master in path /workspace/source"}

Showing logs for build [32mcb-kubecd-environment-pr-179-8-hsb4z-1[0m stage [32mfrom-build-pack[0m and container [32mstep-git-merge[0m
Using SHAs from PULL_REFS=master:11661830cfc83365b023b2d7f9701546383c073c,1:1e28dae4d16ea802649cc30d11c05a574402aa22
DEBUG: LC_ALL=C JX_LOG_LEVEL=error git fetch origin --unshallow 1e28dae4d16ea802649cc30d11c05a574402aa22: 11661830cfc83365b023b2d7f9701546383c073c:
DEBUG: ran git fetch --unshallow origin 1e28dae4d16ea802649cc30d11c05a574402aa22: 11661830cfc83365b023b2d7f9701546383c073c: in 
DEBUG: LC_ALL=C JX_LOG_LEVEL=error git branch
DEBUG: LC_ALL=C JX_LOG_LEVEL=error git checkout master
DEBUG: ran git checkout master in 
DEBUG: JX_LOG_LEVEL=error LC_ALL=C git reset --hard 11661830cfc83365b023b2d7f9701546383c073c
DEBUG: ran git reset --hard 11661830cfc83365b023b2d7f9701546383c073c in 
DEBUG: LC_ALL=C JX_LOG_LEVEL=error git clean -fd .
DEBUG: ran clean --force -d . in 
DEBUG: LC_ALL=C JX_LOG_LEVEL=error git merge 1e28dae4d16ea802649cc30d11c05a574402aa22
DEBUG: ran git merge 1e28dae4d16ea802649cc30d11c05a574402aa22 in 
DEBUG: LC_ALL=C JX_LOG_LEVEL=error git log --format=%H%x1f%an%x1f%ae%x1f%cn%x1f%ce%x1f%s%n%b%x1e 11661830cfc83365b023b2d7f9701546383c073c..HEAD
Merged SHA 1e28dae4d16ea802649cc30d11c05a574402aa22 with commit message 'chore: Promote bdd-spring-1583902497 to version 0.0.1' into base branch master

Showing logs for build [32mcb-kubecd-environment-pr-179-8-hsb4z-1[0m stage [32mfrom-build-pack[0m and container [32mstep-build-helm-build[0m
WARNING: No $CHART_REPOSITORY defined so using the default value of: http://jenkins-x-chartmuseum:8080
Adding missing Helm repo: storage.googleapis.com https://storage.googleapis.com/chartmuseum.jenkins-x.io
WARNING: No secrets found on "helm/repos" due: reading the secret "helm/repos" from vault: no secret "helm/repos" not found in vault
Read credentials for https://storage.googleapis.com/chartmuseum.jenkins-x.io from vault helm/repos
Successfully added Helm repository storage.googleapis.com.
Adding missing Helm repo: jenkins-x-chartmuseum http://jenkins-x-chartmuseum:8080
WARNING: No secrets found on "helm/repos" due: reading the secret "helm/repos" from vault: no secret "helm/repos" not found in vault
Read credentials for http://jenkins-x-chartmuseum:8080 from vault helm/repos
Successfully added Helm repository jenkins-x-chartmuseum.
WARNING: No $CHART_REPOSITORY defined so using the default value of: http://jenkins-x-chartmuseum:8080
Adding missing Helm repo: chartmuseum.jenkins-x.io http://chartmuseum.jenkins-x.io
WARNING: No secrets found on "helm/repos" due: reading the secret "helm/repos" from vault: no secret "helm/repos" not found in vault
Read credentials for http://chartmuseum.jenkins-x.io from vault helm/repos
Successfully added Helm repository chartmuseum.jenkins-x.io.
